<?xml version="1.0" encoding="UTF-8"?>
<robot generator="Robot 7.3.2 (Python 3.13.7 on win32)" generated="2026-02-19T20:27:40.743141" rpa="false" schemaversion="5">
<suite id="s1" name="Playwright" source="C:\Users\malat\OneDrive\Desktop\Playwright\playwright.robot">
<test id="s1-t1" name="Open Browser To Google" line="5">
<kw name="New Browser" owner="Browser">
<msg time="2026-02-19T20:27:40.966335" level="INFO">{"browser": "chromium", "headless": true, "chromiumSandbox": false, "devtools": false, "handleSIGHUP": true, "handleSIGINT": true, "handleSIGTERM": true, "slowMo": 0.0, "timeout": 30000.0, "tracesDir": "C:\\Users\\malat\\OneDrive\\Desktop\\Playwright\\browser\\traces\\temp\\5f431b3d-2be0-4803-b07e-43947c1f55df"}</msg>
<msg time="2026-02-19T20:27:40.985932" level="INFO">Starting Browser process C:\Users\malat\AppData\Local\Programs\Python\Python313\Lib\site-packages\Browser\wrapper\index.js using at 127.0.0.1:64435</msg>
<msg time="2026-02-19T20:27:42.204265" level="INFO">Successfully created browser with options: {"browser":"chromium","headless":true,"chromiumSandbox":false,"devtools":false,"handleSIGHUP":true,"handleSIGINT":true,"handleSIGTERM":true,"slowMo":0,"timeout":30000,"tracesDir":"C:\\Users\\malat\\OneDrive\\Desktop\\Playwright\\browser\\traces\\temp\\5f431b3d-2be0-4803-b07e-43947c1f55df"}</msg>
<arg>headless=True</arg>
<tag>BrowserControl</tag>
<tag>Setter</tag>
<doc>Create a new playwright Browser with specified options.</doc>
<status status="PASS" start="2026-02-19T20:27:40.965753" elapsed="1.238798"/>
</kw>
<kw name="New Context" owner="Browser">
<msg time="2026-02-19T20:27:42.207257" level="INFO">{
  "acceptDownloads": true,
  "bypassCSP": false,
  "forcedColors": "none",
  "ignoreHTTPSErrors": false,
  "javaScriptEnabled": true,
  "offline": false,
  "reducedMotion": "no-preference",
  "serviceWorkers": "allow",
  "viewport": {
    "width": 1280,
    "height": 720
  }
}</msg>
<msg time="2026-02-19T20:27:42.219732" level="INFO">Successfully created context. </msg>
<msg time="2026-02-19T20:27:42.219822" level="INFO">{'acceptDownloads': True, 'bypassCSP': False, 'forcedColors': 'none', 'ignoreHTTPSErrors': False, 'javaScriptEnabled': True, 'offline': False, 'reducedMotion': 'no-preference', 'serviceWorkers': 'allow', 'viewport': {'width': 1280, 'height': 720}}</msg>
<tag>BrowserControl</tag>
<tag>Setter</tag>
<doc>Create a new BrowserContext with specified options.</doc>
<status status="PASS" start="2026-02-19T20:27:42.205276" elapsed="0.014619"/>
</kw>
<kw name="New Page" owner="Browser">
<msg time="2026-02-19T20:27:42.908832" level="INFO">Successfully initialized new page object and opened url: https://www.google.com</msg>
<arg>https://www.google.com</arg>
<tag>BrowserControl</tag>
<tag>Setter</tag>
<doc>Open a new Page.</doc>
<status status="PASS" start="2026-02-19T20:27:42.220341" elapsed="0.688797"/>
</kw>
<msg time="2026-02-19T20:27:42.982938" level="INFO">Switching context to context=a23a9a5d-e096-47fe-9153-566eb3b4f037 in CURRENT</msg>
<msg time="2026-02-19T20:27:42.995360" level="INFO">Successfully changed active context: context=a23a9a5d-e096-47fe-9153-566eb3b4f037</msg>
<msg time="2026-02-19T20:27:43.003464" level="INFO">Successfully closed Context</msg>
<status status="PASS" start="2026-02-19T20:27:40.964851" elapsed="1.947549"/>
</test>
<status status="PASS" start="2026-02-19T20:27:40.744452" elapsed="2.260116"/>
</suite>
<statistics>
<total>
<stat pass="1" fail="0" skip="0">All Tests</stat>
</total>
<tag>
</tag>
<suite>
<stat name="Playwright" id="s1" pass="1" fail="0" skip="0">Playwright</stat>
</suite>
</statistics>
<errors>
</errors>
</robot>
